<?xml version="1.0" encoding="UTF-8"?><testsuite errors="0" failures="0" name="com.lc.df.studentapp.studentinfo.StudentCRUDTest" skipped="0" tests="4" time="11.47" timestamp="2020-05-20T06:42:36.365+01:00[Europe/London]"><testcase classname="com.lc.df.studentapp.studentinfo.StudentCRUDTest" name="This test will create a new student record"/><testcase classname="com.lc.df.studentapp.studentinfo.StudentCRUDTest" name="This test will Verify if the student is added to the application"/><testcase classname="com.lc.df.studentapp.studentinfo.StudentCRUDTest" name="Update the student information and verify the updated information"/><testcase classname="com.lc.df.studentapp.studentinfo.StudentCRUDTest" name="Delete the student and verify if the student is deleted!"/></testsuite>